<?xml version="1.0" encoding="UTF-8" ?>
<testsuite errors="0" failures="1" hostname="P-9020" name="testsonarwithdefaultnetbeans.TestSonarWithDefaultNetbeansTest" tests="2" time="0.069" timestamp="2013-10-08T12:35:58">
  <properties>
    <property name="libs.jsp-compiler.javadoc" value="" />
    <property name="javac.test.classpath" value=":build/classes:C:\Program Files (x86)\NetBeans 7.3\platform\modules\ext\junit-4.10.jar" />
    <property name="libs.jsf20.maven-pom" value="" />
    <property name="libs.j2me_ant_ext.javadoc" value="" />
    <property name="ant.library.dir" value="C:/Program Files/NetBeans 7.2/java/ant/lib" />
    <property name="libs.junit.javadoc" value="C:\Program Files (x86)\NetBeans 7.3\java\docs\junit-3.8.2-api.zip" />
    <property name="libs.nokiaS80-ant-utils.javadoc" value="" />
    <property name="ant.core.lib" value="C:\Program Files\NetBeans 7.2\java\ant\lib\ant.jar" />
    <property name="libs.jakarta_slide_ant_webdav.javadoc" value="" />
    <property name="javadoc.windowtitle" value="" />
    <property name="libs.jsp-compilation.javadoc" value="" />
    <property name="user.dir" value="C:\Users\dickd\Documents\NetBeansProjects\TestSonarWithDefaultNetbeans" />
    <property name="libs.javaee-api-7.0.src" value="" />
    <property name="libs.hibernate-persistence.javadoc" value="" />
    <property name="libs.JMUnit4CLDC10.javadoc" value="C:\Program Files (x86)\NetBeans 7.3\mobility\modules\docs\jmunit-1.2.1-api.zip" />
    <property name="java.vm.version" value="20.4-b02" />
    <property name="libs.jstl11.maven-pom" value="" />
    <property name="libs.MySQLDriver.classpath" value="C:\Program Files (x86)\NetBeans 7.3\ide\modules\ext\mysql-connector-java-5.1.23-bin.jar" />
    <property name="libs.eclipselinkmodelgen.src" value="" />
    <property name="libs.jstl11.src" value="" />
    <property name="javadoc.notree" value="false" />
    <property name="libs.javaee-web-api-6.0.classpath" value="C:\Program Files (x86)\NetBeans 7.3\enterprise\modules\ext\javaee-web-api-6.0.jar" />
    <property name="libs.hibernate-support.maven-pom" value="" />
    <property name="libs.hibernate-support.javadoc" value="" />
    <property name="libs.Java-EE-GlassFish-v3-Prelude.javadoc" value="C:\Program Files (x86)\NetBeans 7.3\enterprise\docs\javaee-doc-api.jar" />
    <property name="libs.javac-api.src" value="" />
    <property name="javadoc.noindex" value="false" />
    <property name="sun.os.patch.level" value="Service Pack 1" />
    <property name="libs.Java-EE-GlassFish-v3-Prelude.src" value="" />
    <property name="do.archive+manifest.available" value="true" />
    <property name="java.vm.specification.name" value="Java Virtual Machine Specification" />
    <property name="libs.semc-ant-utils.classpath" value="C:\Program Files (x86)\NetBeans 7.3\mobility\modules\ext\org-netbeans-modules-j2me-cdc-project-semc.jar" />
    <property name="libs.nokiadeployment.classpath" value="C:\Program Files (x86)\NetBeans 7.3\mobility\modules\org-netbeans-modules-mobility-deployment-nokia.jar" />
    <property name="have.tests" value="true" />
    <property name="libs.nokiaS80-ant-utils.maven-pom" value="" />
    <property name="libs.Log4j.src" value="" />
    <property name="libs.javac-api.javadoc" value="" />
    <property name="os.name" value="Windows 7" />
    <property name="libs.beans-binding.classpath" value="C:\Program Files (x86)\NetBeans 7.3\java\modules\ext\beansbinding-1.2.1.jar" />
    <property name="ant.file.type.TestSonarWithDefaultNetbeans" value="file" />
    <property name="libs.javaee-endorsed-api-7.0.maven-pom" value="" />
    <property name="ap.proc.none.internal" value="" />
    <property name="libs.restapi.javadoc" value="C:\Program Files (x86)\NetBeans 7.3\enterprise\docs\jsr311-api-1.1.1-javadoc.zip" />
    <property name="libs.JWSAntTasks.maven-pom" value="" />
    <property name="libs.testng.src" value="" />
    <property name="libs.ojec-ant-utils.src" value="" />
    <property name="libs.spring-webmvc3.0.src" value="" />
    <property name="libs.restapi.classpath" value="C:\Program Files (x86)\NetBeans 7.3\enterprise\modules\ext\rest\jsr311-api-1.1.1.jar" />
    <property name="java.vendor.url.bug" value="http://java.sun.com/cgi-bin/bugreport.cgi" />
    <property name="libs.jaxb.maven-pom" value="" />
    <property name="os.arch" value="x86" />
    <property name="libs.eclipselink.src" value="" />
    <property name="user.name" value="DickD" />
    <property name="libs.jsf12.javadoc" value="C:\Program Files (x86)\NetBeans 7.3\enterprise\docs\javaee-doc-api.jar" />
    <property name="libs.Comet-GlassFish-v3.javadoc" value="" />
    <property name="copylibs.rebase" value="true" />
    <property name="manifest.available+main.class" value="true" />
    <property name="libs.Log4j.classpath" value="D:\sandboxes\webportal-trunk\sandbox\libs\Log4j\log4j-1.2.15.jar" />
    <property name="libs.spring-webmvc3.0.maven-pom" value="" />
    <property name="libs.swing-layout.maven-pom" value="" />
    <property name="sun.java.command" value="org.apache.tools.ant.taskdefs.optional.junit.JUnitTestRunner testsonarwithdefaultnetbeans.TestSonarWithDefaultNetbeansTest filtertrace=true haltOnError=false haltOnFailure=false showoutput=false outputtoformatters=true logfailedtests=true logtestlistenerevents=false formatter=org.apache.tools.ant.taskdefs.optional.junit.XMLJUnitResultFormatter,C:\Users\dickd\Documents\NetBeansProjects\TestSonarWithDefaultNetbeans\xml\TEST-testsonarwithdefaultnetbeans.TestSonarWithDefaultNetbeansTest.xml crashfile=C:\Users\dickd\Documents\NetBeansProjects\TestSonarWithDefaultNetbeans\junitvmwatcher1059595836441551801.properties propsfile=C:\Users\dickd\Documents\NetBeansProjects\TestSonarWithDefaultNetbeans\junit717852764851743318.properties" />
    <property name="build.classes.dir" value="build/classes" />
    <property name="build.sysclasspath" value="ignore" />
    <property name="ap.supported.internal" value="true" />
    <property name="libs.javaee-endorsed-api-7.0.javadoc" value="C:\Program Files (x86)\NetBeans 7.3\enterprise\docs\javaee-doc-api.jar" />
    <property name="libs.jaxws21.javadoc" value="C:\Program Files (x86)\NetBeans 7.3\java\docs\jaxws-api-doc.zip" />
    <property name="includes" value="**" />
    <property name="libs.ojec-ant-utils.maven-pom" value="" />
    <property name="user.country" value="NL" />
    <property name="manifest.file" value="manifest.mf" />
    <property name="libs.jstl11.javadoc" value="C:\Program Files (x86)\NetBeans 7.3\enterprise\docs\javaee-doc-api.jar" />
    <property name="libs.JMUnit4CLDC11.src" value="" />
    <property name="javadoc.encoding" value="UTF-8" />
    <property name="javac.classpath" value="" />
    <property name="libs.jsp-compilation-syscp.src" value="" />
    <property name="libs.JAVADB_DRIVER_LABEL.src" value="" />
    <property name="debug-transport" value="dt_shmem" />
    <property name="libs.javaee-web-api-6.0.src" value="" />
    <property name="libs.ejb3-persistence.src" value="" />
    <property name="libs.jsp-compilation-syscp.classpath" value="C:\Program Files (x86)\NetBeans 7.3\java\ant\lib\ant.jar;C:\Program Files (x86)\NetBeans 7.3\enterprise\modules\ext\servlet3.1-jsp2.3-api.jar;C:\Program Files (x86)\NetBeans 7.3\enterprise\modules\ext\glassfish-jspparser-4.0.jar;C:\Program Files (x86)\NetBeans 7.3\enterprise\modules\ext\standard.jar;C:\Program Files (x86)\NetBeans 7.3\enterprise\modules\ext\jsf-2_2\javax.faces.jar" />
    <property name="libs.nokiaS80-ant-utils.src" value="" />
    <property name="libs.cdc-pp-awt-layout.javadoc" value="" />
    <property name="libs.j2me_ant_ext.classpath" value="C:\Program Files (x86)\NetBeans 7.3\mobility\modules\org-netbeans-modules-mobility-antext.jar;C:\Program Files (x86)\NetBeans 7.3\java\modules\org-netbeans-modules-classfile.jar" />
    <property name="java.endorsed.dirs" value="D:\oracle\Middleware\jdk160_29\jre\lib\endorsed" />
    <property name="libs.Comet-GlassFish-v3.maven-pom" value="" />
    <property name="libs.groovy-all.src" value="" />
    <property name="libs.cdc-agui-swing-layout.maven-pom" value="" />
    <property name="libs.cdc-pp-awt-layout.src" value="C:\Program Files (x86)\NetBeans 7.3\mobility\sources\cdc-pp-awt-layout-src.zip" />
    <property name="java.vm.specification.version" value="1.0" />
    <property name="libs.jakarta_slide_ant_webdav.src" value="" />
    <property name="libs.primefaces.classpath" value="C:\Program Files (x86)\NetBeans 7.3\enterprise\modules\ext\primefaces\primefaces-3.5.jar" />
    <property name="libs.javaee-api-6.0.classpath" value="C:\Program Files (x86)\NetBeans 7.3\enterprise\modules\ext\javaee-api-6.0.jar" />
    <property name="libs.sjmc-ant-utils.maven-pom" value="" />
    <property name="libs.groovy-all.maven-pom" value="" />
    <property name="libs.JMUnit4CLDC10.maven-pom" value="" />
    <property name="platforms.JDK_1.6.home" value="D:\oracle\Middleware\jdk160_29" />
    <property name="libs.hibernate-persistence.classpath" value="C:\Program Files (x86)\NetBeans 7.3\java\modules\ext\hibernate\antlr-2.7.6.jar;C:\Program Files (x86)\NetBeans 7.3\java\modules\ext\hibernate\asm.jar;C:\Program Files (x86)\NetBeans 7.3\java\modules\ext\hibernate\asm-attrs.jar;C:\Program Files (x86)\NetBeans 7.3\java\modules\ext\hibernate\cglib-2.1.3.jar;C:\Program Files (x86)\NetBeans 7.3\java\modules\ext\hibernate\commons-collections-2.1.1.jar;C:\Program Files (x86)\NetBeans 7.3\ide\modules\org-apache-commons-logging.jar;C:\Program Files (x86)\NetBeans 7.3\java\modules\ext\hibernate\dom4j-1.6.1.jar;C:\Program Files (x86)\NetBeans 7.3\java\modules\ext\hibernate\ehcache-1.2.3.jar;C:\Program Files (x86)\NetBeans 7.3\java\modules\ext\hibernate\jdbc2_0-stdext.jar;C:\Program Files (x86)\NetBeans 7.3\java\modules\ext\hibernate\jta.jar;C:\Program Files (x86)\NetBeans 7.3\java\modules\ext\hibernate\hibernate3.jar;C:\Program Files (x86)\NetBeans 7.3\java\modules\ext\hibernate\hibernate-tools.jar;C:\Program Files (x86)\NetBeans 7.3\java\modules\ext\hibernate\hibernate-annotations.jar;C:\Program Files (x86)\NetBeans 7.3\java\modules\ext\hibernate\hibernate-commons-annotations.jar;C:\Program Files (x86)\NetBeans 7.3\java\modules\ext\hibernate\hibernate-entitymanager.jar;C:\Program Files (x86)\NetBeans 7.3\java\modules\ext\hibernate\javassist.jar;C:\Program Files (x86)\NetBeans 7.3\java\modules\ext\hibernate\ejb3-persistence.jar" />
    <property name="libs.jaxws21.src" value="" />
    <property name="do.archive" value="true" />
    <property name="sonar.jdbc.username" value="sonar" />
    <property name="sonar.surefire.reportsPath" value="xml" />
    <property name="libs.jakarta_slide_ant_webdav.classpath" value="C:\Program Files (x86)\NetBeans 7.3\mobility\modules\ext\commons-httpclient-3.0.1.jar;C:\Program Files (x86)\NetBeans 7.3\ide\modules\org-apache-commons-logging.jar;C:\Program Files (x86)\NetBeans 7.3\mobility\modules\ext\jdom-1.0.jar;C:\Program Files (x86)\NetBeans 7.3\mobility\modules\ext\jakarta-slide-webdavlib-2.1.jar;C:\Program Files (x86)\NetBeans 7.3\mobility\modules\ext\jakarta-slide-ant-webdav-2.1.jar" />
    <property name="java.vendor" value="Sun Microsystems Inc." />
    <property name="platforms.JDK_1.6.compiler" value="modern" />
    <property name="libs.JMUnit4CLDC10.src" value="" />
    <property name="libs.javaee-api-6.0.javadoc" value="C:\Program Files (x86)\NetBeans 7.3\enterprise\docs\javaee-doc-api.jar" />
    <property name="jar.index.metainf" value="false" />
    <property name="javac.debug" value="true" />
    <property name="javadoc.splitindex" value="true" />
    <property name="file.separator" value="\" />
    <property name="libs.Java-EE-GlassFish-v3-Prelude.maven-pom" value="" />
    <property name="libs.junit_4.maven-pom" value="" />
    <property name="mkdist.disabled" value="false" />
    <property name="javac.test.processorpath" value=":build/classes:C:\Program Files (x86)\NetBeans 7.3\platform\modules\ext\junit-4.10.jar" />
    <property name="libs.JWSAntTasks.javadoc" value="" />
    <property name="build.generated.sources.dir" value="build/generated-sources" />
    <property name="user.variant" value="" />
    <property name="libs.eclipselinkmodelgen.classpath" value="C:\Program Files (x86)\NetBeans 7.3\java\modules\ext\eclipselink\org.eclipse.persistence.jpa.modelgen_2.5.0.v20130507-3faac2b.jar" />
    <property name="libs.javaee-endorsed-api-7.0.src" value="" />
    <property name="sun.java.launcher" value="SUN_STANDARD" />
    <property name="libs.junit.classpath" value="C:\Program Files (x86)\NetBeans 7.3\java\modules\ext\junit-3.8.2.jar" />
    <property name="libs.jaxb.javadoc" value="C:\Program Files (x86)\NetBeans 7.3\ide\docs\jaxb-api-doc.zip" />
    <property name="libs.struts.classpath" value="C:\Program Files (x86)\NetBeans 7.3\enterprise\modules\ext\struts\antlr-2.7.2.jar;C:\Program Files (x86)\NetBeans 7.3\enterprise\modules\ext\struts\bsf-2.3.0.jar;C:\Program Files (x86)\NetBeans 7.3\enterprise\modules\ext\struts\commons-beanutils-1.8.0.jar;C:\Program Files (x86)\NetBeans 7.3\enterprise\modules\ext\struts\commons-chain-1.2.jar;C:\Program Files (x86)\NetBeans 7.3\enterprise\modules\ext\struts\commons-digester-1.8.jar;C:\Program Files (x86)\NetBeans 7.3\enterprise\modules\ext\struts\commons-fileupload-1.1.1.jar;C:\Program Files (x86)\NetBeans 7.3\enterprise\modules\ext\struts\commons-io-1.1.jar;C:\Program Files (x86)\NetBeans 7.3\enterprise\modules\ext\struts\commons-logging-1.0.4.jar;C:\Program Files (x86)\NetBeans 7.3\enterprise\modules\ext\struts\commons-validator-1.3.1.jar;C:\Program Files (x86)\NetBeans 7.3\enterprise\modules\ext\struts\jstl-1.0.2.jar;C:\Program Files (x86)\NetBeans 7.3\enterprise\modules\ext\struts\oro-2.0.8.jar;C:\Program Files (x86)\NetBeans 7.3\enterprise\modules\ext\struts\standard-1.0.6.jar;C:\Program Files (x86)\NetBeans 7.3\enterprise\modules\ext\struts\struts-core-1.3.10.jar;C:\Program Files (x86)\NetBeans 7.3\enterprise\modules\ext\struts\struts-el-1.3.10.jar;C:\Program Files (x86)\NetBeans 7.3\enterprise\modules\ext\struts\struts-extras-1.3.10.jar;C:\Program Files (x86)\NetBeans 7.3\enterprise\modules\ext\struts\struts-faces-1.3.10.jar;C:\Program Files (x86)\NetBeans 7.3\enterprise\modules\ext\struts\struts-mailreader-dao-1.3.10.jar;C:\Program Files (x86)\NetBeans 7.3\enterprise\modules\ext\struts\struts-scripting-1.3.10.jar;C:\Program Files (x86)\NetBeans 7.3\enterprise\modules\ext\struts\struts-taglib-1.3.10.jar;C:\Program Files (x86)\NetBeans 7.3\enterprise\modules\ext\struts\struts-tiles-1.3.10.jar" />
    <property name="ant.home" value="C:/Program Files/NetBeans 7.2/java/ant" />
    <property name="libs.junit_4.src" value="C:\Program Files (x86)\NetBeans 7.3\java\docs\junit-4.10-sources.jar" />
    <property name="libs.testng.classpath" value="C:\Program Files (x86)\NetBeans 7.3\platform\modules\ext\testng-6.5.1-dist.jar" />
    <property name="libs.absolutelayout.maven-pom" value="" />
    <property name="ant.java.version" value="1.6" />
    <property name="java.library.path" value="D:\oracle\Middleware\jdk160_29\jre\bin;C:\windows\Sun\Java\bin;C:\windows\system32;C:\windows;C:\cygwin\usr\local\bin;C:\cygwin\bin;D:\app\DickD\product\11.2.0\client_2\bin;D:\oracle\Middleware\jdk160_29\bin;D:\app\dickd\product\11.2.0\client_1;C:\Program Files (x86)\MKS\IntegrityClient\bin;C:\windows\system32;C:\windows;C:\windows\System32\Wbem;C:\windows\System32\WindowsPowerShell\v1.0;C:\PROGRA~2\MKS\Toolkit\mksnt;C:\apache-maven-3.0.4\bin;C:\Program Files\NetBeans 7.2\java\ant\bin;C:\jarscan;." />
    <property name="javadoc.author" value="false" />
    <property name="libs.metro.maven-pom" value="" />
    <property name="manifest.available+main.class-mkdist.available" value="true" />
    <property name="sonar.jdbc.url" value="jdbc:h2:tcp://localhost:9092/sonar" />
    <property name="libs.PostgreSQLDriver.src" value="" />
    <property name="sun.arch.data.model" value="32" />
    <property name="basedir" value="C:\Users\dickd\Documents\NetBeansProjects\TestSonarWithDefaultNetbeans" />
    <property name="libs.jpa20-persistence.maven-pom" value="" />
    <property name="jar.compress" value="false" />
    <property name="libs.javaee-web-api-7.0.classpath" value="C:\Program Files (x86)\NetBeans 7.3\enterprise\modules\ext\javaee-web-api-7.0.jar" />
    <property name="libs.jstl11.classpath" value="C:\Program Files (x86)\NetBeans 7.3\enterprise\modules\ext\standard.jar;C:\Program Files (x86)\NetBeans 7.3\enterprise\modules\ext\jstl.jar" />
    <property name="path.separator" value=";" />
    <property name="libs.javaee-web-api-6.0.javadoc" value="C:\Program Files (x86)\NetBeans 7.3\enterprise\docs\javaee-doc-api.jar" />
    <property name="sun.io.unicode.encoding" value="UnicodeLittle" />
    <property name="libs.semc-ant-utils.javadoc" value="" />
    <property name="libs.jaxws21.classpath" value="C:\Program Files (x86)\NetBeans 7.3\ide\modules\ext\jaxb\jaxb-impl.jar;C:\Program Files (x86)\NetBeans 7.3\ide\modules\ext\jaxb\jaxb-xjc.jar;C:\Program Files (x86)\NetBeans 7.3\java\modules\ext\jaxws22\FastInfoset.jar;C:\Program Files (x86)\NetBeans 7.3\java\modules\ext\jaxws22\gmbal-api-only.jar;C:\Program Files (x86)\NetBeans 7.3\java\modules\ext\jaxws22\ha-api.jar;C:\Program Files (x86)\NetBeans 7.3\java\modules\ext\jaxws22\javax.mail_1.4.jar;C:\Program Files (x86)\NetBeans 7.3\java\modules\ext\jaxws22\jaxws-rt.jar;C:\Program Files (x86)\NetBeans 7.3\java\modules\ext\jaxws22\jaxws-tools.jar;C:\Program Files (x86)\NetBeans 7.3\java\modules\ext\jaxws22\management-api.jar;C:\Program Files (x86)\NetBeans 7.3\java\modules\ext\jaxws22\mimepull.jar;C:\Program Files (x86)\NetBeans 7.3\java\modules\ext\jaxws22\policy.jar;C:\Program Files (x86)\NetBeans 7.3\java\modules\ext\jaxws22\saaj-impl.jar;C:\Program Files (x86)\NetBeans 7.3\java\modules\ext\jaxws22\stax-ex.jar;C:\Program Files (x86)\NetBeans 7.3\java\modules\ext\jaxws22\stax2-api.jar;C:\Program Files (x86)\NetBeans 7.3\java\modules\ext\jaxws22\streambuffer.jar;C:\Program Files (x86)\NetBeans 7.3\java\modules\ext\jaxws22\woodstox-core-asl.jar;C:\Program Files (x86)\NetBeans 7.3\java\modules\ext\jaxws22\api\jaxws-api.jar;C:\Program Files (x86)\NetBeans 7.3\java\modules\ext\jaxws22\api\jsr181-api.jar;C:\Program Files (x86)\NetBeans 7.3\java\modules\ext\jaxws22\api\javax.annotation.jar;C:\Program Files (x86)\NetBeans 7.3\java\modules\ext\jaxws22\api\saaj-api.jar;C:\Program Files (x86)\NetBeans 7.3\ide\modules\ext\jaxb\activation.jar;C:\Program Files (x86)\NetBeans 7.3\ide\modules\ext\jaxb\api\jaxb-api.jar;C:\Program Files (x86)\NetBeans 7.3\ide\modules\ext\jaxb\api\jsr173_1.0_api.jar" />
    <property name="libs.struts.src" value="" />
    <property name="compile.on.save" value="true" />
    <property name="user.language" value="nl" />
    <property name="testng.mode" value="testng" />
    <property name="libs.JAXB-ENDORSED.maven-pom" value="" />
    <property name="libs.spring-framework.classpath" value="C:\Program Files (x86)\NetBeans 7.3\ide\modules\org-apache-commons-logging.jar;C:\Program Files (x86)\NetBeans 7.3\java\modules\ext\cglib-2.2.jar;C:\Program Files (x86)\NetBeans 7.3\java\modules\ext\spring\spring-2.5.6.SEC03.jar" />
    <property name="libs.eclipselink.maven-pom" value="" />
    <property name="test.binaryincludes" value="&lt;nothing&gt;" />
    <property name="manifest.available" value="true" />
    <property name="libs.primefaces.javadoc" value="" />
    <property name="libs.spring-framework300.maven-pom" value="" />
    <property name="run.test.classpath" value=":build/classes:C:\Program Files (x86)\NetBeans 7.3\platform\modules\ext\junit-4.10.jar:build/test/classes" />
    <property name="ant.project.invoked-targets" value="clean,sonar" />
    <property name="test.binaryexcludes" value="" />
    <property name="libs.swing-layout.javadoc" value="C:\Program Files (x86)\NetBeans 7.3\platform\docs\swing-layout-1.0.4-doc.zip" />
    <property name="libs.ejb3-persistence.maven-pom" value="" />
    <property name="_jacoco.agentFile" value="C:\cygwin\tmp\jacocoagent2129929059971883287.jar" />
    <property name="libs.PostgreSQLDriver.maven-pom" value="" />
    <property name="java.class.version" value="50.0" />
    <property name="libs.JAVADB_DRIVER_LABEL.classpath" value="C:\glassfish-3.1.2.2\javadb\lib\derby.jar;C:\glassfish-3.1.2.2\javadb\lib\derbyclient.jar;C:\glassfish-3.1.2.2\javadb\lib\derbynet.jar" />
    <property name="libs.javaee-endorsed-api-6.0.src" value="" />
    <property name="libs.cdc-ant-utils.classpath" value="C:\Program Files (x86)\NetBeans 7.3\mobility\modules\ext\org-netbeans-modules-j2me-cdc-project.jar" />
    <property name="libs.eclipselink.javadoc" value="" />
    <property name="libs.jsp-compilation.maven-pom" value="" />
    <property name="sonar.binaries" value="build/classes,build/test/classes" />
    <property name="user.properties.file" value="C:\Users\dickd\AppData\Roaming\NetBeans\7.3\build.properties" />
    <property name="runtime.encoding" value="UTF-8" />
    <property name="libs.spring-framework.src" value="" />
    <property name="libs.javac-api.maven-pom" value="" />
    <property name="file.encoding.pkg" value="sun.io" />
    <property name="sun.cpu.endian" value="little" />
    <property name="libs.JAXB-ENDORSED.javadoc" value="" />
    <property name="libs.JWSAntTasks.classpath" value="C:\Program Files (x86)\NetBeans 7.3\java\ant\extra\org-netbeans-modules-javawebstart-anttasks.jar" />
    <property name="libs.spring-framework300.src" value="" />
    <property name="libs.ant-contrib.classpath" value="C:\Program Files (x86)\NetBeans 7.3\mobility\modules\ext\ant-contrib-1.0b3.jar" />
    <property name="empty.dir" value="C:\Users\dickd\Documents\NetBeansProjects\TestSonarWithDefaultNetbeans\build\empty" />
    <property name="version-output" value="java version &quot;1.6" />
    <property name="test.binarytestincludes" value="" />
    <property name="javadoc.preview" value="true" />
    <property name="libs.jpa20-persistence.javadoc" value="" />
    <property name="java.home" value="D:\oracle\Middleware\jdk160_29\jre" />
    <property name="libs.ojec-ant-utils.javadoc" value="" />
    <property name="sonar.sources" value="src" />
    <property name="libs.jsp-compilation.src" value="" />
    <property name="libs.spring-webmvc.src" value="" />
    <property name="libs.ant-contrib.javadoc" value="" />
    <property name="debug.test.classpath" value=":build/classes:C:\Program Files (x86)\NetBeans 7.3\platform\modules\ext\junit-4.10.jar:build/test/classes" />
    <property name="libs.javaee-endorsed-api-6.0.classpath" value="C:\Program Files (x86)\NetBeans 7.3\enterprise\modules\ext\javaee6-endorsed\javax.annotation.jar;C:\Program Files (x86)\NetBeans 7.3\enterprise\modules\ext\javaee6-endorsed\jaxb-api-osgi.jar;C:\Program Files (x86)\NetBeans 7.3\enterprise\modules\ext\javaee6-endorsed\webservices-api-osgi.jar" />
    <property name="libs.javaee-api-6.0.src" value="" />
    <property name="ant.project.default-target" value="default" />
    <property name="annotation.processing.run.all.processors" value="true" />
    <property name="libs.savaje-ant-utils.classpath" value="C:\Program Files (x86)\NetBeans 7.3\mobility\modules\ext\org-netbeans-modules-j2me-cdc-project-savaje.jar" />
    <property name="libs.PostgreSQLDriver.javadoc" value="" />
    <property name="libs.restlib.classpath" value="C:\Program Files (x86)\NetBeans 7.3\enterprise\modules\ext\rest\asm-3.1.jar;C:\Program Files (x86)\NetBeans 7.3\enterprise\modules\ext\rest\jackson-core-asl-1.9.2.jar;C:\Program Files (x86)\NetBeans 7.3\enterprise\modules\ext\rest\jackson-jaxrs-1.9.2.jar;C:\Program Files (x86)\NetBeans 7.3\enterprise\modules\ext\rest\jackson-mapper-asl-1.9.2.jar;C:\Program Files (x86)\NetBeans 7.3\enterprise\modules\ext\rest\jackson-xc-1.9.2.jar;C:\Program Files (x86)\NetBeans 7.3\enterprise\modules\ext\rest\jersey-apache-client-1.13.jar;C:\Program Files (x86)\NetBeans 7.3\enterprise\modules\ext\rest\jersey-atom-abdera-1.13.jar;C:\Program Files (x86)\NetBeans 7.3\enterprise\modules\ext\rest\jersey-client-1.13.jar;C:\Program Files (x86)\NetBeans 7.3\enterprise\modules\ext\rest\jersey-core-1.13.jar;C:\Program Files (x86)\NetBeans 7.3\enterprise\modules\ext\rest\jersey-guice-1.13.jar;C:\Program Files (x86)\NetBeans 7.3\enterprise\modules\ext\rest\jersey-json-1.13.jar;C:\Program Files (x86)\NetBeans 7.3\enterprise\modules\ext\rest\jersey-multipart-1.13.jar;C:\Program Files (x86)\NetBeans 7.3\enterprise\modules\ext\rest\jersey-server-1.13.jar;C:\Program Files (x86)\NetBeans 7.3\enterprise\modules\ext\rest\jersey-servlet-1.13.jar;C:\Program Files (x86)\NetBeans 7.3\enterprise\modules\ext\rest\jersey-simple-server-1.13.jar;C:\Program Files (x86)\NetBeans 7.3\enterprise\modules\ext\rest\jersey-spring-1.13.jar;C:\Program Files (x86)\NetBeans 7.3\enterprise\modules\ext\rest\jettison-1.1.jar;C:\Program Files (x86)\NetBeans 7.3\enterprise\modules\ext\rest\oauth-client-1.13.jar;C:\Program Files (x86)\NetBeans 7.3\enterprise\modules\ext\rest\oauth-server-1.13.jar;C:\Program Files (x86)\NetBeans 7.3\enterprise\modules\ext\rest\oauth-signature-1.13.jar;C:\Program Files (x86)\NetBeans 7.3\ide\modules\ext\jaxb\activation.jar;C:\Program Files (x86)\NetBeans 7.3\ide\modules\ext\jaxb\api\jaxb-api.jar;C:\Program Files (x86)\NetBeans 7.3\ide\modules\ext\jaxb\api\jsr173_1.0_api.jar" />
    <property name="libs.JMUnit4CLDC11.javadoc" value="C:\Program Files (x86)\NetBeans 7.3\mobility\modules\docs\jmunit-1.2.1-api.zip" />
    <property name="libs.MySQLDriver.maven-pom" value="" />
    <property name="built-clean.properties" value="C:\Users\dickd\Documents\NetBeansProjects\TestSonarWithDefaultNetbeans\build\built-clean.properties" />
    <property name="libs.savaje-ant-utils.src" value="" />
    <property name="libs.junit_4.javadoc" value="C:\Program Files (x86)\NetBeans 7.3\java\docs\junit-4.10-javadoc.jar" />
    <property name="libs.spring-webmvc.javadoc" value="" />
    <property name="libs.javaee-web-api-6.0.maven-pom" value="" />
    <property name="libs.cdc-pp-awt-layout.classpath" value="C:\Program Files (x86)\NetBeans 7.3\mobility\modules\ext\cdc-pp-awt-layout.jar" />
    <property name="libs.cdc-agui-swing-layout.src" value="C:\Program Files (x86)\NetBeans 7.3\mobility\sources\cdc-agui-swing-layout-src.zip" />
    <property name="run.classpath" value=":build/classes" />
    <property name="libs.hibernate-support.src" value="" />
    <property name="libs.javaee-endorsed-api-6.0.javadoc" value="C:\Program Files (x86)\NetBeans 7.3\enterprise\docs\javaee-doc-api.jar" />
    <property name="libs.javaee-api-7.0.classpath" value="C:\Program Files (x86)\NetBeans 7.3\enterprise\modules\ext\javaee-api-7.0.jar" />
    <property name="libs.JMUnit4CLDC11.classpath" value="C:\Program Files (x86)\NetBeans 7.3\mobility\modules\ext\jmunit4cldc11-1.2.1.jar" />
    <property name="ant.file.TestSonarWithDefaultNetbeans-impl" value="C:\Users\dickd\Documents\NetBeansProjects\TestSonarWithDefaultNetbeans\nbproject\build-impl.xml" />
    <property name="libs.spring-webmvc3.0.javadoc" value="" />
    <property name="annotation.processing.enabled.in.editor" value="false" />
    <property name="libs.semc-ant-utils.maven-pom" value="" />
    <property name="libs.nokiadeployment.maven-pom" value="" />
    <property name="libs.restapi.src" value="" />
    <property name="sun.management.compiler" value="HotSpot Client Compiler" />
    <property name="javac.deprecation" value="false" />
    <property name="javadoc.use" value="true" />
    <property name="libs.jsp-compiler.classpath" value="C:\Program Files (x86)\NetBeans 7.3\enterprise\ant\extra\jspcompile.jar" />
    <property name="javac.processorpath" value="" />
    <property name="libs.spring-webmvc.classpath" value="C:\Program Files (x86)\NetBeans 7.3\enterprise\modules\ext\spring\spring-webmvc-2.5.6.SEC03.jar" />
    <property name="javac.compilerargs" value="" />
    <property name="ant.file" value="C:\Users\dickd\Documents\NetBeansProjects\TestSonarWithDefaultNetbeans\build.xml" />
    <property name="libs.beans-binding.maven-pom" value="" />
    <property name="libs.jsf12.classpath" value="C:\Program Files (x86)\NetBeans 7.3\enterprise\modules\ext\jsf-1_2\commons-beanutils.jar;C:\Program Files (x86)\NetBeans 7.3\enterprise\modules\ext\jsf-1_2\commons-collections.jar;C:\Program Files (x86)\NetBeans 7.3\enterprise\modules\ext\jsf-1_2\commons-digester.jar;C:\Program Files (x86)\NetBeans 7.3\enterprise\modules\ext\jsf-1_2\commons-logging.jar;C:\Program Files (x86)\NetBeans 7.3\enterprise\modules\ext\jsf-1_2\jsf-api.jar;C:\Program Files (x86)\NetBeans 7.3\enterprise\modules\ext\jsf-1_2\jsf-impl.jar" />
    <property name="libs.Java-EE-GlassFish-v3-Prelude.classpath" value="C:\glassfish-3.1.2.2\mq\lib\jaxm-api.jar;C:\glassfish-3.1.2.2\glassfish\modules\endorsed\javax.annotation.jar;C:\glassfish-3.1.2.2\glassfish\modules\endorsed\jaxb-api-osgi.jar;C:\glassfish-3.1.2.2\glassfish\modules\endorsed\webservices-api-osgi.jar;C:\glassfish-3.1.2.2\glassfish\modules\bean-validator.jar;C:\glassfish-3.1.2.2\glassfish\modules\javax.ejb.jar;C:\glassfish-3.1.2.2\glassfish\modules\javax.el-api.jar;C:\glassfish-3.1.2.2\glassfish\modules\javax.el.jar;C:\glassfish-3.1.2.2\glassfish\modules\javax.enterprise.deploy.jar;C:\glassfish-3.1.2.2\glassfish\modules\javax.faces.jar;C:\glassfish-3.1.2.2\glassfish\modules\javax.jms.jar;C:\glassfish-3.1.2.2\glassfish\modules\javax.mail.jar;C:\glassfish-3.1.2.2\glassfish\modules\javax.management.j2ee.jar;C:\glassfish-3.1.2.2\glassfish\modules\javax.persistence.jar;C:\glassfish-3.1.2.2\glassfish\modules\javax.resource.jar;C:\glassfish-3.1.2.2\glassfish\modules\javax.security.auth.message.jar;C:\glassfish-3.1.2.2\glassfish\modules\javax.security.jacc.jar;C:\glassfish-3.1.2.2\glassfish\modules\javax.servlet-api.jar;C:\glassfish-3.1.2.2\glassfish\modules\javax.servlet.jsp-api.jar;C:\glassfish-3.1.2.2\glassfish\modules\javax.servlet.jsp.jar;C:\glassfish-3.1.2.2\glassfish\modules\javax.servlet.jsp.jstl-api.jar;C:\glassfish-3.1.2.2\glassfish\modules\javax.servlet.jsp.jstl.jar;C:\glassfish-3.1.2.2\glassfish\modules\javax.transaction.jar;C:\glassfish-3.1.2.2\glassfish\modules\jaxb-osgi.jar;C:\glassfish-3.1.2.2\glassfish\modules\jersey-core.jar;C:\glassfish-3.1.2.2\glassfish\modules\webservices-osgi.jar;C:\glassfish-3.1.2.2\glassfish\modules\weld-osgi-bundle.jar" />
    <property name="sonar.jdbc.password" value="sonar" />
    <property name="libs.restapi.maven-pom" value="" />
    <property name="libs.beans-binding.src" value="" />
    <property name="java.vm.specification.vendor" value="Sun Microsystems Inc." />
    <property name="libs.swing-layout.src" value="C:\Program Files (x86)\NetBeans 7.3\platform\docs\swing-layout-1.0.4-src.zip" />
    <property name="libs.j2me_ant_ext.src" value="" />
    <property name="java.vm.name" value="Java HotSpot(TM) Client VM" />
    <property name="javadoc.additionalparam" value="" />
    <property name="java.io.tmpdir" value="C:\cygwin\tmp\" />
    <property name="java.vendor.url" value="http://java.sun.com/" />
    <property name="libs.Log4j.maven-pom" value="" />
    <property name="endorsed.classpath.cmd.line.arg" value="-Xbootclasspath/p:&apos;C:\Users\dickd\Documents\NetBeansProjects\TestSonarWithDefaultNetbeans\${endorsed.classpath}&apos;" />
    <property name="junit.available" value="true" />
    <property name="libs.jsp-compiler.src" value="" />
    <property name="sonar.issuesReport.html.enable" value="true" />
    <property name="sun.boot.library.path" value="D:\oracle\Middleware\jdk160_29\jre\bin" />
    <property name="have.sources" value="true" />
    <property name="debug.classpath" value=":build/classes" />
    <property name="javadoc.private" value="false" />
    <property name="test.src.dir" value="test" />
    <property name="libs.jsf20.classpath" value="C:\Program Files (x86)\NetBeans 7.3\enterprise\modules\ext\jsf-2_2\javax.faces.jar" />
    <property name="ant.file.type.TestSonarWithDefaultNetbeans-impl" value="file" />
    <property name="ap.processors.internal" value="" />
    <property name="meta.inf.dir" value="src/META-INF" />
    <property name="javadoc.encoding.used" value="UTF-8" />
    <property name="sonar.projectVersion" value="1.0" />
    <property name="dist.jar" value="dist/TestSonarWithDefaultNetbeans.jar" />
    <property name="java.runtime.name" value="Java(TM) SE Runtime Environment" />
    <property name="sonar.java.coveragePlugin" value="jacoco" />
    <property name="ant.project.name" value="TestSonarWithDefaultNetbeans" />
    <property name="libs.jsp-compilation-syscp.maven-pom" value="" />
    <property name="manifest.available-mkdist.available" value="true" />
    <property name="libs.j2me_ant_ext.maven-pom" value="" />
    <property name="sun.cpu.isalist" value="pentium_pro+mmx pentium_pro pentium+mmx pentium i486 i386 i86" />
    <property name="libs.CopyLibs.javadoc" value="" />
    <property name="libs.hibernate-support.classpath" value="C:\Program Files (x86)\NetBeans 7.3\java\modules\ext\hibernate\antlr-2.7.6.jar;C:\Program Files (x86)\NetBeans 7.3\java\modules\ext\hibernate\asm.jar;C:\Program Files (x86)\NetBeans 7.3\java\modules\ext\hibernate\asm-attrs.jar;C:\Program Files (x86)\NetBeans 7.3\java\modules\ext\hibernate\cglib-2.1.3.jar;C:\Program Files (x86)\NetBeans 7.3\java\modules\ext\hibernate\commons-collections-2.1.1.jar;C:\Program Files (x86)\NetBeans 7.3\ide\modules\org-apache-commons-logging.jar;C:\Program Files (x86)\NetBeans 7.3\java\modules\ext\hibernate\dom4j-1.6.1.jar;C:\Program Files (x86)\NetBeans 7.3\java\modules\ext\hibernate\ehcache-1.2.3.jar;C:\Program Files (x86)\NetBeans 7.3\java\modules\ext\hibernate\jdbc2_0-stdext.jar;C:\Program Files (x86)\NetBeans 7.3\java\modules\ext\hibernate\jta.jar;C:\Program Files (x86)\NetBeans 7.3\java\modules\ext\hibernate\hibernate3.jar;C:\Program Files (x86)\NetBeans 7.3\java\modules\ext\hibernate\hibernate-tools.jar;C:\Program Files (x86)\NetBeans 7.3\java\modules\ext\hibernate\hibernate-annotations.jar;C:\Program Files (x86)\NetBeans 7.3\java\modules\ext\hibernate\hibernate-commons-annotations.jar;C:\Program Files (x86)\NetBeans 7.3\java\modules\ext\hibernate\hibernate-entitymanager.jar;C:\Program Files (x86)\NetBeans 7.3\java\modules\ext\hibernate\javassist.jar" />
    <property name="user.home" value="C:\Users\dickd" />
    <property name="annotation.processing.processors.list" value="" />
    <property name="libs.primefaces.maven-pom" value="" />
    <property name="debug-args-line" value="-Xdebug" />
    <property name="libs.javaee-api-6.0.maven-pom" value="" />
    <property name="libs.JWSAntTasks.src" value="" />
    <property name="jar.index" value="false" />
    <property name="libs.CopyLibs.maven-pom" value="" />
    <property name="libs.spring-framework300.javadoc" value="" />
    <property name="libs.hibernate-persistence.maven-pom" value="" />
    <property name="libs.absolutelayout.javadoc" value="" />
    <property name="java.specification.name" value="Java Platform API Specification" />
    <property name="libs.jakarta_slide_ant_webdav.maven-pom" value="" />
    <property name="do.archive+main.class.available" value="true" />
    <property name="libs.sjmc-ant-utils.src" value="" />
    <property name="libs.cdc-agui-swing-layout.javadoc" value="" />
    <property name="java.specification.vendor" value="Sun Microsystems Inc." />
    <property name="libs.javac-api.classpath" value="C:\Program Files (x86)\NetBeans 7.3\java\modules\ext\nb-javac-api.jar" />
    <property name="libs.nokiaS80-ant-utils.classpath" value="C:\Program Files (x86)\NetBeans 7.3\mobility\modules\ext\org-netbeans-modules-j2me-cdc-project-nokiaS80.jar" />
    <property name="java.version" value="1.6.0_29" />
    <property name="javadoc.version" value="false" />
    <property name="run.jvmargs.ide" value="" />
    <property name="libs.MySQLDriver.javadoc" value="" />
    <property name="source.encoding" value="UTF-8" />
    <property name="ap.cmd.line.internal" value="" />
    <property name="libs.eclipselinkmodelgen.maven-pom" value="" />
    <property name="libs.jsp-compilation-syscp.javadoc" value="" />
    <property name="libs.junit.maven-pom" value="" />
    <property name="libs.javaee-endorsed-api-7.0.classpath" value="C:\Program Files (x86)\NetBeans 7.3\enterprise\modules\ext\javaee7-endorsed\javax.annotation-api.jar;C:\Program Files (x86)\NetBeans 7.3\enterprise\modules\ext\javaee7-endorsed\javax.xml.soap-api.jar;C:\Program Files (x86)\NetBeans 7.3\enterprise\modules\ext\javaee7-endorsed\jaxb-api-osgi.jar;C:\Program Files (x86)\NetBeans 7.3\enterprise\modules\ext\javaee7-endorsed\jaxws-api.jar;C:\Program Files (x86)\NetBeans 7.3\enterprise\modules\ext\javaee7-endorsed\jsr181-api.jar" />
    <property name="libs.eclipselinkmodelgen.javadoc" value="" />
    <property name="libs.metro.javadoc" value="C:\Program Files (x86)\NetBeans 7.3\enterprise\docs\metro-1.4-doc.zip" />
    <property name="libs.struts.maven-pom" value="" />
    <property name="annotation.processing.processor.options" value="" />
    <property name="libs.testng.maven-pom" value="" />
    <property name="cygwin.user.home" value="C:/cygwin/home/dickd" />
    <property name="libs.jaxb.src" value="" />
    <property name="ant.file.TestSonarWithDefaultNetbeans" value="C:\Users\dickd\Documents\NetBeansProjects\TestSonarWithDefaultNetbeans\build.xml" />
    <property name="libs.cdc-ant-utils.src" value="" />
    <property name="work.dir" value="C:\Users\dickd\Documents\NetBeansProjects\TestSonarWithDefaultNetbeans" />
    <property name="libs.jaxb.classpath" value="C:\Program Files (x86)\NetBeans 7.3\ide\modules\ext\jaxb\jaxb-impl.jar;C:\Program Files (x86)\NetBeans 7.3\ide\modules\ext\jaxb\jaxb-xjc.jar;C:\Program Files (x86)\NetBeans 7.3\ide\modules\ext\jaxb\jaxb1-impl.jar;C:\Program Files (x86)\NetBeans 7.3\ide\modules\ext\jaxb\activation.jar;C:\Program Files (x86)\NetBeans 7.3\ide\modules\ext\jaxb\api\jaxb-api.jar;C:\Program Files (x86)\NetBeans 7.3\ide\modules\ext\jaxb\api\jsr173_1.0_api.jar" />
    <property name="do.depend" value="false" />
    <property name="dist.javadoc.dir" value="dist/javadoc" />
    <property name="libs.swing-layout.classpath" value="C:\Program Files (x86)\NetBeans 7.3\platform\modules\ext\swing-layout-1.0.4.jar" />
    <property name="libs.spring-webmvc3.0.classpath" value="C:\Program Files (x86)\NetBeans 7.3\java\modules\ext\spring-3.0\spring-webmvc-3.1.1.RELEASE.jar" />
    <property name="libs.javaee-web-api-7.0.maven-pom" value="" />
    <property name="libs.Log4j.javadoc" value="" />
    <property name="libs.restlib.src" value="" />
    <property name="build.generated.dir" value="build/generated" />
    <property name="javac.source" value="1.6" />
    <property name="sonar.projectName" value="ProjTestSonarWithDefaultNetbeans" />
    <property name="libs.hibernate-persistence.src" value="" />
    <property name="line.separator" value="&#xd;&#xa;" />
    <property name="java.specification.version" value="1.6" />
    <property name="java.vm.info" value="mixed mode" />
    <property name="libs.jaxws21.maven-pom" value="" />
    <property name="libs.cdc-ant-utils.javadoc" value="" />
    <property name="nb.junit.batch" value="true" />
    <property name="libs.ojec-ant-utils.classpath" value="C:\Program Files (x86)\NetBeans 7.3\mobility\modules\ext\org-netbeans-modules-j2me-cdc-project-ojec.jar" />
    <property name="libs.spring-framework.maven-pom" value="" />
    <property name="sonar.language" value="java" />
    <property name="sun.boot.class.path" value="D:\oracle\Middleware\jdk160_29\jre\lib\endorsed\javax-xml-bind.jar;D:\oracle\Middleware\jdk160_29\jre\lib\endorsed\javax-xml-ws.jar;D:\oracle\Middleware\jdk160_29\jre\lib\endorsed\jsr250-api.jar;D:\oracle\Middleware\jdk160_29\jre\lib\resources.jar;D:\oracle\Middleware\jdk160_29\jre\lib\rt.jar;D:\oracle\Middleware\jdk160_29\jre\lib\sunrsasign.jar;D:\oracle\Middleware\jdk160_29\jre\lib\jsse.jar;D:\oracle\Middleware\jdk160_29\jre\lib\jce.jar;D:\oracle\Middleware\jdk160_29\jre\lib\charsets.jar;D:\oracle\Middleware\jdk160_29\jre\lib\modules\jdk.boot.jar;D:\oracle\Middleware\jdk160_29\jre\classes" />
    <property name="javac.target" value="1.6" />
    <property name="built-jar.properties" value="C:\Users\dickd\Documents\NetBeansProjects\TestSonarWithDefaultNetbeans\build\built-jar.properties" />
    <property name="build.test.classes.dir" value="build/test/classes" />
    <property name="src.dir" value="src" />
    <property name="annotation.processing.enabled" value="true" />
    <property name="test.run.classpath" value="libs/junit/junit-4.11.jar" />
    <property name="libs.jsf20.src" value="" />
    <property name="libs.jpa20-persistence.src" value="" />
    <property name="libs.jsf12.src" value="" />
    <property name="libs.nokiadeployment.src" value="" />
    <property name="libs.savaje-ant-utils.javadoc" value="" />
    <property name="libs.JAVADB_DRIVER_LABEL.maven-pom" value="" />
    <property name="libs.struts.javadoc" value="C:\Program Files (x86)\NetBeans 7.3\enterprise\docs\struts-1.3.10-javadoc.zip" />
    <property name="libs.cdc-ant-utils.maven-pom" value="" />
    <property name="libs.Comet-GlassFish-v3.classpath" value="C:\glassfish-3.1.2.2\glassfish\modules\grizzly-comet.jar" />
    <property name="libs.javaee-web-api-7.0.src" value="" />
    <property name="libs.primefaces.src" value="" />
    <property name="libs.cdc-agui-swing-layout.classpath" value="C:\Program Files (x86)\NetBeans 7.3\mobility\modules\ext\cdc-agui-swing-layout.jar" />
    <property name="dist.dir" value="dist" />
    <property name="libs.groovy-all.javadoc" value="" />
    <property name="do.archive+manifest.available+main.class" value="true" />
    <property name="testng.debug.mode" value="" />
    <property name="libs.groovy-all.classpath" value="C:\Program Files (x86)\NetBeans 7.3\groovy\modules\ext\groovy-all.jar" />
    <property name="libs.sjmc-ant-utils.classpath" value="C:\Program Files (x86)\NetBeans 7.3\mobility\modules\ext\org-netbeans-modules-j2me-cdc-project-sjmc.jar" />
    <property name="javac.fork" value="true" />
    <property name="libs.JMUnit4CLDC10.classpath" value="C:\Program Files (x86)\NetBeans 7.3\mobility\modules\ext\jmunit4cldc10-1.2.1.jar" />
    <property name="java.awt.printerjob" value="sun.awt.windows.WPrinterJob" />
    <property name="default.javac.source" value="1.6" />
    <property name="debug-transport-by-os" value="dt_shmem" />
    <property name="sun.jnu.encoding" value="Cp1252" />
    <property name="libs.MySQLDriver.src" value="" />
    <property name="libs.ant-contrib.maven-pom" value="" />
    <property name="libs.nokiadeployment.javadoc" value="" />
    <property name="build.test.results.dir" value="build/test/results" />
    <property name="java.runtime.version" value="1.6.0_29-b11" />
    <property name="libs.ejb3-persistence.javadoc" value="" />
    <property name="manifest.available+main.class+mkdist.available" value="true" />
    <property name="libs.sjmc-ant-utils.javadoc" value="" />
    <property name="default.javac.target" value="1.6" />
    <property name="libs.junit_4.classpath" value="C:\Program Files (x86)\NetBeans 7.3\platform\modules\ext\junit-4.10.jar" />
    <property name="user.timezone" value="" />
    <property name="nb.junit.single" value="false" />
    <property name="libs.ant-contrib.src" value="" />
    <property name="libs.JAVADB_DRIVER_LABEL.javadoc" value="" />
    <property name="libs.javaee-endorsed-api-6.0.maven-pom" value="" />
    <property name="libs.jsf20.javadoc" value="C:\Program Files (x86)\NetBeans 7.3\enterprise\docs\javaee-doc-api.jar" />
    <property name="java.ext.dirs" value="D:\oracle\Middleware\jdk160_29\jre\lib\ext;C:\windows\Sun\Java\lib\ext" />
    <property name="libs.metro.src" value="" />
    <property name="libs.savaje-ant-utils.maven-pom" value="" />
    <property name="libs.semc-ant-utils.src" value="" />
    <property name="libs.absolutelayout.classpath" value="C:\Program Files (x86)\NetBeans 7.3\java\modules\ext\AbsoluteLayout.jar" />
    <property name="excludes" value="" />
    <property name="libs.metro.classpath" value="C:\Program Files (x86)\NetBeans 7.3\ide\modules\ext\jaxb\activation.jar;C:\Program Files (x86)\NetBeans 7.3\enterprise\modules\ext\metro\webservices-api.jar;C:\Program Files (x86)\NetBeans 7.3\enterprise\modules\ext\metro\webservices-extra-api.jar;C:\Program Files (x86)\NetBeans 7.3\enterprise\modules\ext\metro\webservices-extra.jar;C:\Program Files (x86)\NetBeans 7.3\enterprise\modules\ext\metro\webservices-rt.jar;C:\Program Files (x86)\NetBeans 7.3\enterprise\modules\ext\metro\webservices-tools.jar" />
    <property name="libs.restlib.maven-pom" value="" />
    <property name="platforms.JDK_1.6.bootclasspath" value="D:\oracle\Middleware\jdk160_29\jre\lib\endorsed\javax-xml-bind.jar;D:\oracle\Middleware\jdk160_29\jre\lib\endorsed\javax-xml-ws.jar;D:\oracle\Middleware\jdk160_29\jre\lib\endorsed\jsr250-api.jar;D:\oracle\Middleware\jdk160_29\jre\lib\resources.jar;D:\oracle\Middleware\jdk160_29\jre\lib\rt.jar;D:\oracle\Middleware\jdk160_29\jre\lib\sunrsasign.jar;D:\oracle\Middleware\jdk160_29\jre\lib\jsse.jar;D:\oracle\Middleware\jdk160_29\jre\lib\jce.jar;D:\oracle\Middleware\jdk160_29\jre\lib\charsets.jar;D:\oracle\Middleware\jdk160_29\jre\lib\modules\jdk.boot.jar;D:\oracle\Middleware\jdk160_29\jre\classes;D:\oracle\Middleware\jdk160_29\jre\lib\ext\dnsns.jar;D:\oracle\Middleware\jdk160_29\jre\lib\ext\localedata.jar;D:\oracle\Middleware\jdk160_29\jre\lib\ext\sunjce_provider.jar;D:\oracle\Middleware\jdk160_29\jre\lib\ext\sunmscapi.jar;D:\oracle\Middleware\jdk160_29\jre\lib\ext\sunpkcs11.jar" />
    <property name="java.class.path" value="C:\Users\dickd\Documents\NetBeansProjects\TestSonarWithDefaultNetbeans\build\classes;C:\Users\dickd\Documents\NetBeansProjects\TestSonarWithDefaultNetbeans\build\test\classes;C:\Users\dickd\Documents\NetBeansProjects\TestSonarWithDefaultNetbeans\libs\junit\junit-4.10.jar;C:\Program Files\NetBeans 7.2\java\ant\lib\ant-launcher.jar;C:\Program Files\NetBeans 7.2\java\ant\lib\ant.jar;C:\Program Files\NetBeans 7.2\java\ant\lib\ant-junit.jar;C:\Program Files\NetBeans 7.2\java\ant\lib\ant-junit4.jar;C:\cygwin\tmp\jacocoagent2129929059971883287.jar" />
    <property name="do.mkdist" value="true" />
    <property name="libs.absolutelayout.src" value="" />
    <property name="libs.jpa20-persistence.classpath" value="C:\Program Files (x86)\NetBeans 7.3\java\modules\ext\eclipselink\javax.persistence_2.1.0.v201304241213.jar" />
    <property name="libs.cdc-pp-awt-layout.maven-pom" value="" />
    <property name="os.version" value="6.1" />
    <property name="application.args" value="" />
    <property name="libs.javaee-api-7.0.maven-pom" value="" />
    <property name="libs.JMUnit4CLDC11.maven-pom" value="" />
    <property name="main.class.available" value="true" />
    <property name="sun.desktop" value="windows" />
    <property name="libs.Comet-GlassFish-v3.src" value="" />
    <property name="libs.restlib.javadoc" value="C:\Program Files (x86)\NetBeans 7.3\enterprise\docs\jersey-1.13-javadoc.zip;C:\Program Files (x86)\NetBeans 7.3\enterprise\docs\jersey-apache-client-1.13-javadoc.zip;C:\Program Files (x86)\NetBeans 7.3\enterprise\docs\jersey-atom-abdera-1.13-javadoc.zip;C:\Program Files (x86)\NetBeans 7.3\enterprise\docs\jersey-guice-1.13-javadoc.zip;C:\Program Files (x86)\NetBeans 7.3\enterprise\docs\jersey-multipart-1.13-javadoc.zip;C:\Program Files (x86)\NetBeans 7.3\enterprise\docs\jersey-simple-server-1.13-javadoc.zip;C:\Program Files (x86)\NetBeans 7.3\enterprise\docs\jersey-spring-1.13-javadoc.zip;C:\Program Files (x86)\NetBeans 7.3\enterprise\docs\oauth-client-1.13-javadoc.zip;C:\Program Files (x86)\NetBeans 7.3\enterprise\docs\oauth-server-1.13-javadoc.zip;C:\Program Files (x86)\NetBeans 7.3\enterprise\docs\oauth-signature-1.13-javadoc.zip" />
    <property name="sonar.projectKey" value="TestSonarWithDefaultNetbeans" />
    <property name="libs.JAXB-ENDORSED.classpath" value="C:\Program Files (x86)\NetBeans 7.3\ide\modules\ext\jaxb\api\jaxb-api.jar" />
    <property name="libs.javaee-api-7.0.javadoc" value="C:\Program Files (x86)\NetBeans 7.3\enterprise\docs\javaee-doc-api.jar" />
    <property name="libs.eclipselink.classpath" value="C:\Program Files (x86)\NetBeans 7.3\java\modules\ext\eclipselink\eclipselink.jar;C:\Program Files (x86)\NetBeans 7.3\java\modules\ext\eclipselink\javax.persistence_2.1.0.v201304241213.jar;C:\Program Files (x86)\NetBeans 7.3\java\modules\ext\eclipselink\org.eclipse.persistence.jpa.jpql_2.5.0.v20130507-3faac2b.jar" />
    <property name="libs.beans-binding.javadoc" value="C:\Program Files (x86)\NetBeans 7.3\java\docs\beansbinding-1.2.1-doc.zip" />
    <property name="java.awt.graphicsenv" value="sun.awt.Win32GraphicsEnvironment" />
    <property name="java.vm.vendor" value="Sun Microsystems Inc." />
    <property name="libs.CopyLibs.classpath" value="C:\Program Files (x86)\NetBeans 7.3\java\ant\extra\org-netbeans-modules-java-j2seproject-copylibstask.jar" />
    <property name="libs.spring-framework300.classpath" value="C:\Program Files (x86)\NetBeans 7.3\ide\modules\org-apache-commons-logging.jar;C:\Program Files (x86)\NetBeans 7.3\java\modules\ext\cglib-2.2.jar;C:\Program Files (x86)\NetBeans 7.3\java\modules\ext\spring-3.0\spring-aop-3.1.1.RELEASE.jar;C:\Program Files (x86)\NetBeans 7.3\java\modules\ext\spring-3.0\spring-asm-3.1.1.RELEASE.jar;C:\Program Files (x86)\NetBeans 7.3\java\modules\ext\spring-3.0\spring-aspects-3.1.1.RELEASE.jar;C:\Program Files (x86)\NetBeans 7.3\java\modules\ext\spring-3.0\spring-beans-3.1.1.RELEASE.jar;C:\Program Files (x86)\NetBeans 7.3\java\modules\ext\spring-3.0\spring-context-3.1.1.RELEASE.jar;C:\Program Files (x86)\NetBeans 7.3\java\modules\ext\spring-3.0\spring-context-support-3.1.1.RELEASE.jar;C:\Program Files (x86)\NetBeans 7.3\java\modules\ext\spring-3.0\spring-core-3.1.1.RELEASE.jar;C:\Program Files (x86)\NetBeans 7.3\java\modules\ext\spring-3.0\spring-expression-3.1.1.RELEASE.jar;C:\Program Files (x86)\NetBeans 7.3\java\modules\ext\spring-3.0\spring-instrument-3.1.1.RELEASE.jar;C:\Program Files (x86)\NetBeans 7.3\java\modules\ext\spring-3.0\spring-instrument-tomcat-3.1.1.RELEASE.jar;C:\Program Files (x86)\NetBeans 7.3\java\modules\ext\spring-3.0\spring-jdbc-3.1.1.RELEASE.jar;C:\Program Files (x86)\NetBeans 7.3\java\modules\ext\spring-3.0\spring-jms-3.1.1.RELEASE.jar;C:\Program Files (x86)\NetBeans 7.3\java\modules\ext\spring-3.0\spring-orm-3.1.1.RELEASE.jar;C:\Program Files (x86)\NetBeans 7.3\java\modules\ext\spring-3.0\spring-oxm-3.1.1.RELEASE.jar;C:\Program Files (x86)\NetBeans 7.3\java\modules\ext\spring-3.0\spring-test-3.1.1.RELEASE.jar;C:\Program Files (x86)\NetBeans 7.3\java\modules\ext\spring-3.0\spring-tx-3.1.1.RELEASE.jar;C:\Program Files (x86)\NetBeans 7.3\java\modules\ext\spring-3.0\spring-web-3.1.1.RELEASE.jar;C:\Program Files (x86)\NetBeans 7.3\java\modules\ext\spring-3.0\spring-webmvc-portlet-3.1.1.RELEASE.jar;C:\Program Files (x86)\NetBeans 7.3\java\modules\ext\spring-3.0\spring-webmvc-3.1.1.RELEASE.jar;C:\Program Files (x86)\NetBeans 7.3\java\modules\ext\spring-3.0\spring-struts-3.1.1.RELEASE.jar" />
    <property name="libs.jsp-compiler.maven-pom" value="" />
    <property name="libs.spring-webmvc.maven-pom" value="" />
    <property name="run.jvmargs" value="" />
    <property name="libs.ejb3-persistence.classpath" value="C:\Program Files (x86)\NetBeans 7.3\java\modules\ext\hibernate\ejb3-persistence.jar" />
    <property name="libs.JAXB-ENDORSED.src" value="" />
    <property name="libs.spring-framework.javadoc" value="" />
    <property name="libs.testng.javadoc" value="C:\Program Files (x86)\NetBeans 7.3\platform\docs\testng-6.5.1-javadoc.zip" />
    <property name="ant.file.type" value="file" />
    <property name="libs.PostgreSQLDriver.classpath" value="C:\Program Files (x86)\NetBeans 7.3\ide\modules\ext\postgresql-9.2-1002.jdbc4.jar" />
    <property name="libs.jsf12.maven-pom" value="" />
    <property name="libs.junit.src" value="" />
    <property name="annotation.processing.source.output" value="build/generated-sources/ap-source-output" />
    <property name="main.class" value="testsonarwithdefaultnetbeans.TestSonarWithDefaultNetbeans" />
    <property name="sonar.dryRun" value="false" />
    <property name="libs.CopyLibs.src" value="" />
    <property name="build.dir" value="build" />
    <property name="libs.jsp-compilation.classpath" value="C:\Program Files (x86)\NetBeans 7.3\java\ant\lib\ant.jar;C:\Program Files (x86)\NetBeans 7.3\enterprise\modules\ext\servlet3.1-jsp2.3-api.jar;C:\Program Files (x86)\NetBeans 7.3\enterprise\modules\ext\glassfish-jspparser-4.0.jar;C:\Program Files (x86)\NetBeans 7.3\enterprise\modules\ext\jsf-2_2\javax.faces.jar;C:\Program Files (x86)\NetBeans 7.3\enterprise\modules\ext\jstl.jar;C:\Program Files (x86)\NetBeans 7.3\java\ant\lib\ant-launcher.jar" />
    <property name="ant.version" value="Apache Ant(TM) version 1.8.3 compiled on February 26 2012" />
    <property name="sonar.jacoco.reportPath" value="build/classes/jacoco.exec" />
    <property name="file.encoding" value="Cp1252" />
    <property name="build.classes.excludes" value="**/*.java,**/*.form" />
    <property name="jdkBug6558476" value="true" />
    <property name="javadoc.nonavbar" value="false" />
    <property name="platform.active" value="default_platform" />
    <property name="awt.toolkit" value="sun.awt.windows.WToolkit" />
    <property name="libs.javaee-web-api-7.0.javadoc" value="C:\Program Files (x86)\NetBeans 7.3\enterprise\docs\javaee-doc-api.jar" />
    <property name="" value="" />
  </properties>
  <testcase classname="testsonarwithdefaultnetbeans.TestSonarWithDefaultNetbeansTest" name="testAdd" time="0.0020" />
  <testcase classname="testsonarwithdefaultnetbeans.TestSonarWithDefaultNetbeansTest" name="testSubtract" time="0.0080">
    <failure message="expected:&lt;2&gt; but was:&lt;10&gt;" type="junit.framework.AssertionFailedError">junit.framework.AssertionFailedError: expected:&lt;2&gt; but was:&lt;10&gt;
	at testsonarwithdefaultnetbeans.TestSonarWithDefaultNetbeansTest.testSubtract(TestSonarWithDefaultNetbeansTest.java:37)
</failure>
  </testcase>
  <system-out><![CDATA[]]></system-out>
  <system-err><![CDATA[]]></system-err>
</testsuite>
